[debug] [2022-05-27T04:03:53.203Z] ----------------------------------------------------------------------
[debug] [2022-05-27T04:03:53.210Z] Command:       C:\Program Files\nodejs\node.exe C:\Users\FARHAD\AppData\Roaming\npm\node_modules\firebase-tools\lib\bin\firebase.js deploy
[debug] [2022-05-27T04:03:53.212Z] CLI Version:   10.6.0
[debug] [2022-05-27T04:03:53.212Z] Platform:      win32
[debug] [2022-05-27T04:03:53.213Z] Node Version:  v16.13.1
[debug] [2022-05-27T04:03:53.235Z] Time:          Fri May 27 2022 10:03:53 GMT+0600 (Bangladesh Standard Time)
[debug] [2022-05-27T04:03:53.236Z] ----------------------------------------------------------------------
[debug] 
[debug] [2022-05-27T04:03:53.461Z] > command requires scopes: ["email","openid","https://www.googleapis.com/auth/cloudplatformprojects.readonly","https://www.googleapis.com/auth/firebase","https://www.googleapis.com/auth/cloud-platform"]
[debug] [2022-05-27T04:03:53.462Z] > authorizing via signed-in user (mazharul383all@gmail.com)
[debug] [2022-05-27T04:03:53.462Z] [iam] checking project carpentry-expert for permissions ["firebase.projects.get","firebasehosting.sites.update"]
[debug] [2022-05-27T04:03:53.467Z] > refreshing access token with scopes: []
[debug] [2022-05-27T04:03:53.469Z] >>> HTTP REQUEST POST https://www.googleapis.com/oauth2/v3/token  
 <request body omitted>
[debug] [2022-05-27T04:03:53.557Z] [iam] error while checking permissions, command may fail: FirebaseError: Authentication Error: Your credentials are no longer valid. Please run firebase login --reauth

For CI servers and headless environments, generate a new token with firebase login:ci
[debug] [2022-05-27T04:03:53.559Z] > refreshing access token with scopes: []
[debug] [2022-05-27T04:03:53.559Z] >>> HTTP REQUEST POST https://www.googleapis.com/oauth2/v3/token  
 <request body omitted>
[debug] [2022-05-27T04:03:53.573Z] Authentication Error: Your credentials are no longer valid. Please run firebase login --reauth

For CI servers and headless environments, generate a new token with firebase login:ci
[debug] [2022-05-27T04:03:53.594Z] FirebaseError: Authentication Error: Your credentials are no longer valid. Please run firebase login --reauth

For CI servers and headless environments, generate a new token with firebase login:ci
    at invalidCredentialError (C:\Users\FARHAD\AppData\Roaming\npm\node_modules\firebase-tools\lib\auth.js:145:12)
    at refreshTokens (C:\Users\FARHAD\AppData\Roaming\npm\node_modules\firebase-tools\lib\auth.js:485:15)
    at processTicksAndRejections (node:internal/process/task_queues:96:5)
    at async Client.getAccessToken (C:\Users\FARHAD\AppData\Roaming\npm\node_modules\firebase-tools\lib\apiv2.js:147:23)
    at async Client.addAuthHeader (C:\Users\FARHAD\AppData\Roaming\npm\node_modules\firebase-tools\lib\apiv2.js:138:21)
    at async Client.request (C:\Users\FARHAD\AppData\Roaming\npm\node_modules\firebase-tools\lib\apiv2.js:94:34)
    at async getFirebaseProject (C:\Users\FARHAD\AppData\Roaming\npm\node_modules\firebase-tools\lib\management\projects.js:290:21)
    at async getDefaultHostingSite (C:\Users\FARHAD\AppData\Roaming\npm\node_modules\firebase-tools\lib\getDefaultHostingSite.js:8:21)
    at async requireHostingSite (C:\Users\FARHAD\AppData\Roaming\npm\node_modules\firebase-tools\lib\requireHostingSite.js:9:18)
    at async Object.fn (C:\Users\FARHAD\AppData\Roaming\npm\node_modules\firebase-tools\lib\commands\deploy.js:73:9)
    at async C:\Users\FARHAD\AppData\Roaming\npm\node_modules\firebase-tools\lib\command.js:188:17
[error] 
[error] Error: Failed to get Firebase project carpentry-expert. Please make sure the project exists and your account has permission to access it.
